<?xml version="1.0" encoding="UTF-8"?>
<!-- Generated by org.testng.reporters.JUnitReportReporter -->
<testsuite hostname="LTIN215174" failures="0" tests="3" name="testRunner.TestRunner" time="509.639" errors="0" timestamp="2024-03-10T21:17:08 IST" skipped="0">
  <testcase classname="testRunner.TestRunner" name="runScenario" time="8.534"/>
  <testcase classname="testRunner.TestRunner" name="runScenario" time="472.477"/>
  <testcase classname="testRunner.TestRunner" name="runScenario" time="28.628"/>
</testsuite> <!-- testRunner.TestRunner -->
