<?xml version="1.0" encoding="UTF-8"?>
<!-- Generated by org.testng.reporters.JUnitReportReporter -->
<testsuite hostname="LTIN215174" failures="0" tests="3" name="testRunner.TestRunner" time="444.382" errors="0" timestamp="2024-02-29T11:38:30 IST" skipped="0">
  <testcase classname="testRunner.TestRunner" name="runScenario" time="44.472"/>
  <testcase classname="testRunner.TestRunner" name="runScenario" time="384.930"/>
  <testcase classname="testRunner.TestRunner" name="runScenario" time="14.980"/>
</testsuite> <!-- testRunner.TestRunner -->
